2023-09-01 23:34:20,836.user_numeric_sports_alisonhatfield.INFO ==================================================
2023-09-01 23:34:20,837.user_numeric_sports_alisonhatfield.INFO Today is 2023-09-01 at 11:34 PM
2023-09-01 23:34:20,837.user_numeric_sports_alisonhatfield.INFO Running on: posix Darwin 19.6.0
2023-09-01 23:34:20,837.user_numeric_sports_alisonhatfield.INFO Python version:  3.11.4
2023-09-01 23:34:20,837.user_numeric_sports_alisonhatfield.INFO Python path: /Library/Frameworks/Python.framework/Versions/3.11
2023-09-01 23:34:20,837.user_numeric_sports_alisonhatfield.INFO Working dir: /Users/alisonhatfield/Desktop/datafun-02-functions
2023-09-01 23:34:20,837.user_numeric_sports_alisonhatfield.INFO ==================================================
2023-09-01 23:34:20,837.user_numeric_sports_alisonhatfield.INFO Created: NumericSportsSeries with name=Mondays Game, units=Points per Quarter, location=Nebraska Cornhuskers, and 4 data points: [25, 15, 10, 30]
2023-09-01 23:34:20,838.user_numeric_sports_alisonhatfield.INFO Created: NumericSportsSeries with name=Thursday Game, units=Points per Quarter, location=Indiana Hoosiers, and 4 data points: [12, 16, 21, 36]
2023-09-01 23:34:20,838.user_numeric_sports_alisonhatfield.INFO Created: NumericSportsSeries with name=Fridays Game, units=Points per Player, location=Missouri Tigers, and 31 data points: [10, 11, 12, 13, 14, 15, 16, 17, 18, 19, 20, 21, 22, 23, 24, 25, 26, 27, 28, 29, 30, 31, 32, 33, 34, 35, 36, 37, 38, 39, 40]
2023-09-01 23:34:20,838.user_numeric_sports_alisonhatfield.INFO NumericSportsSeries with name=Mondays Game, units=Points per Quarter, location=Nebraska Cornhuskers, and 4 data points: [25, 15, 10, 30]
2023-09-01 23:34:20,838.user_numeric_sports_alisonhatfield.INFO Count: 4
2023-09-01 23:34:20,838.user_numeric_sports_alisonhatfield.INFO Sum: 80
2023-09-01 23:34:20,838.user_numeric_sports_alisonhatfield.INFO Mean: 20.0
2023-09-01 23:34:20,838.user_numeric_sports_alisonhatfield.INFO Median: 20.0
2023-09-01 23:34:20,838.user_numeric_sports_alisonhatfield.INFO ------------------
2023-09-01 23:34:20,838.user_numeric_sports_alisonhatfield.INFO NumericSportsSeries with name=Thursday Game, units=Points per Quarter, location=Indiana Hoosiers, and 4 data points: [12, 16, 21, 36]
2023-09-01 23:34:20,839.user_numeric_sports_alisonhatfield.INFO Count: 4
2023-09-01 23:34:20,839.user_numeric_sports_alisonhatfield.INFO Sum: 85
2023-09-01 23:34:20,839.user_numeric_sports_alisonhatfield.INFO Mean: 21.25
2023-09-01 23:34:20,839.user_numeric_sports_alisonhatfield.INFO Median: 18.5
2023-09-01 23:34:20,839.user_numeric_sports_alisonhatfield.INFO ------------------
2023-09-01 23:34:20,839.user_numeric_sports_alisonhatfield.INFO NumericSportsSeries with name=Fridays Game, units=Points per Player, location=Missouri Tigers, and 31 data points: [10, 11, 12, 13, 14, 15, 16, 17, 18, 19, 20, 21, 22, 23, 24, 25, 26, 27, 28, 29, 30, 31, 32, 33, 34, 35, 36, 37, 38, 39, 40]
2023-09-01 23:34:20,839.user_numeric_sports_alisonhatfield.INFO Count: 31
2023-09-01 23:34:20,839.user_numeric_sports_alisonhatfield.INFO Sum: 775
2023-09-01 23:34:20,839.user_numeric_sports_alisonhatfield.INFO Mean: 25.0
2023-09-01 23:34:20,839.user_numeric_sports_alisonhatfield.INFO Median: 25
2023-09-01 23:34:20,839.user_numeric_sports_alisonhatfield.INFO ------------------
