2023-08-27 21:10:27,040.xtra_p2.INFO ==================================================
2023-08-27 21:10:27,040.xtra_p2.INFO Today is 2023-08-27 at 09:10 PM
2023-08-27 21:10:27,041.xtra_p2.INFO Running on: posix Darwin 19.6.0
2023-08-27 21:10:27,041.xtra_p2.INFO Python version:  3.11.4
2023-08-27 21:10:27,041.xtra_p2.INFO Python path: /Library/Frameworks/Python.framework/Versions/3.11
2023-08-27 21:10:27,042.xtra_p2.INFO Working dir: /Users/alisonhatfield/Desktop/datafun-02-functions
2023-08-27 21:10:27,042.xtra_p2.INFO ==================================================
2023-08-27 21:10:27,042.xtra_p2.INFO CALLING transform_using_keyword_args_with_default_values(input=bearcat, reverse=False)
2023-08-27 21:10:27,042.xtra_p2.INFO RETURNING bearcat
2023-08-27 21:10:27,043.xtra_p2.INFO CALLING transform_using_keyword_args_with_default_values(input=bearcat, reverse=True)
2023-08-27 21:10:27,043.xtra_p2.INFO RETURNING bearcat
2023-08-27 21:10:27,043.xtra_p2.INFO CALLING transform_using_keyword_args_with_default_values(input=hello, reverse=True)
2023-08-27 21:10:27,043.xtra_p2.INFO RETURNING hello
2023-08-27 21:10:27,043.xtra_p2.INFO ===========================================================
2023-08-27 21:10:27,043.xtra_p2.INFO Running doctest.testmod() function to unit test our code
2023-08-27 21:10:27,043.xtra_p2.INFO ===========================================================
2023-08-27 21:10:27,059.xtra_p2.INFO CALLING transform_using_keyword_args_with_default_values(input=bearcat, reverse=False)
2023-08-27 21:10:27,059.xtra_p2.INFO RETURNING bearcat
2023-08-27 21:10:27,060.xtra_p2.INFO CALLING transform_using_keyword_args_with_default_values(input=bearcat, reverse=True)
2023-08-27 21:10:27,060.xtra_p2.INFO RETURNING bearcat
2023-08-27 21:10:27,061.xtra_p2.INFO CALLING transform_using_keyword_args_with_default_values(input=hello, reverse=True)
2023-08-27 21:10:27,061.xtra_p2.INFO RETURNING hello
2023-08-27 21:10:27,063.xtra_p2.ERROR 8 tests failed!
2023-08-27 21:10:27,063.xtra_p2.INFO Script complete. More info in the log file.
